<?xml version="1.0" encoding="UTF-8"?>
<testsuite xmlns:xsi="http://www.w3.org/2001/XMLSchema-instance" xsi:noNamespaceSchemaLocation="https://maven.apache.org/surefire/maven-surefire-plugin/xsd/surefire-test-report-3.0.xsd" version="3.0" name="com.runner.TestRunner" time="42.88" tests="29" errors="0" skipped="0" failures="0">
  <properties>
    <property name="java.specification.version" value="21"/>
    <property name="webdriver.chrome.driver" value="/Users/mullai/.cache/selenium/chromedriver/mac-arm64/122.0.6261.94/chromedriver"/>
    <property name="sun.jnu.encoding" value="UTF-8"/>
    <property name="java.class.path" value="/Users/mullai/Documents/GitRepo/Git Repo Greatify/Greatify_ERP_Automation/target/test-classes:/Users/mullai/Documents/GitRepo/Git Repo Greatify/Greatify_ERP_Automation/target/classes:/Users/mullai/.m2/repository/com/mailosaur/mailosaur-java/7.0.8/mailosaur-java-7.0.8.jar:/Users/mullai/.m2/repository/com/google/http-client/google-http-client/1.44.1/google-http-client-1.44.1.jar:/Users/mullai/.m2/repository/org/apache/httpcomponents/httpclient/4.5.14/httpclient-4.5.14.jar:/Users/mullai/.m2/repository/org/apache/httpcomponents/httpcore/4.4.16/httpcore-4.4.16.jar:/Users/mullai/.m2/repository/com/google/code/findbugs/jsr305/3.0.2/jsr305-3.0.2.jar:/Users/mullai/.m2/repository/com/google/errorprone/error_prone_annotations/2.23.0/error_prone_annotations-2.23.0.jar:/Users/mullai/.m2/repository/com/google/j2objc/j2objc-annotations/2.8/j2objc-annotations-2.8.jar:/Users/mullai/.m2/repository/io/grpc/grpc-context/1.60.1/grpc-context-1.60.1.jar:/Users/mullai/.m2/repository/io/grpc/grpc-api/1.60.1/grpc-api-1.60.1.jar:/Users/mullai/.m2/repository/io/opencensus/opencensus-api/0.31.1/opencensus-api-0.31.1.jar:/Users/mullai/.m2/repository/io/opencensus/opencensus-contrib-http-util/0.31.1/opencensus-contrib-http-util-0.31.1.jar:/Users/mullai/.m2/repository/com/google/http-client/google-http-client-gson/1.44.1/google-http-client-gson-1.44.1.jar:/Users/mullai/.m2/repository/com/google/guava/guava/33.0.0-jre/guava-33.0.0-jre.jar:/Users/mullai/.m2/repository/com/google/guava/failureaccess/1.0.2/failureaccess-1.0.2.jar:/Users/mullai/.m2/repository/com/google/guava/listenablefuture/9999.0-empty-to-avoid-conflict-with-guava/listenablefuture-9999.0-empty-to-avoid-conflict-with-guava.jar:/Users/mullai/.m2/repository/org/checkerframework/checker-qual/3.41.0/checker-qual-3.41.0.jar:/Users/mullai/.m2/repository/org/apache/maven/plugins/maven-compiler-plugin/3.12.1/maven-compiler-plugin-3.12.1.jar:/Users/mullai/.m2/repository/org/apache/maven/shared/maven-shared-utils/3.4.2/maven-shared-utils-3.4.2.jar:/Users/mullai/.m2/repository/org/apache/maven/shared/maven-shared-incremental/1.1/maven-shared-incremental-1.1.jar:/Users/mullai/.m2/repository/org/codehaus/plexus/plexus-component-annotations/1.5.5/plexus-component-annotations-1.5.5.jar:/Users/mullai/.m2/repository/org/codehaus/plexus/plexus-java/1.2.0/plexus-java-1.2.0.jar:/Users/mullai/.m2/repository/org/ow2/asm/asm/9.6/asm-9.6.jar:/Users/mullai/.m2/repository/com/thoughtworks/qdox/qdox/2.0.3/qdox-2.0.3.jar:/Users/mullai/.m2/repository/org/codehaus/plexus/plexus-compiler-api/2.14.2/plexus-compiler-api-2.14.2.jar:/Users/mullai/.m2/repository/org/codehaus/plexus/plexus-compiler-manager/2.14.2/plexus-compiler-manager-2.14.2.jar:/Users/mullai/.m2/repository/javax/inject/javax.inject/1/javax.inject-1.jar:/Users/mullai/.m2/repository/org/codehaus/plexus/plexus-xml/4.0.1/plexus-xml-4.0.1.jar:/Users/mullai/.m2/repository/org/apache/maven/maven-xml-impl/4.0.0-alpha-5/maven-xml-impl-4.0.0-alpha-5.jar:/Users/mullai/.m2/repository/org/apache/maven/maven-api-xml/4.0.0-alpha-5/maven-api-xml-4.0.0-alpha-5.jar:/Users/mullai/.m2/repository/org/apache/maven/maven-api-meta/4.0.0-alpha-5/maven-api-meta-4.0.0-alpha-5.jar:/Users/mullai/.m2/repository/org/eclipse/sisu/org.eclipse.sisu.plexus/0.3.5/org.eclipse.sisu.plexus-0.3.5.jar:/Users/mullai/.m2/repository/javax/annotation/javax.annotation-api/1.2/javax.annotation-api-1.2.jar:/Users/mullai/.m2/repository/org/eclipse/sisu/org.eclipse.sisu.inject/0.3.5/org.eclipse.sisu.inject-0.3.5.jar:/Users/mullai/.m2/repository/org/codehaus/plexus/plexus-classworlds/2.5.2/plexus-classworlds-2.5.2.jar:/Users/mullai/.m2/repository/org/codehaus/plexus/plexus-compiler-javac/2.14.2/plexus-compiler-javac-2.14.2.jar:/Users/mullai/.m2/repository/org/codehaus/plexus/plexus-utils/4.0.0/plexus-utils-4.0.0.jar:/Users/mullai/.m2/repository/org/junit/jupiter/junit-jupiter-api/5.10.1/junit-jupiter-api-5.10.1.jar:/Users/mullai/.m2/repository/org/opentest4j/opentest4j/1.3.0/opentest4j-1.3.0.jar:/Users/mullai/.m2/repository/org/junit/platform/junit-platform-commons/1.10.1/junit-platform-commons-1.10.1.jar:/Users/mullai/.m2/repository/org/apiguardian/apiguardian-api/1.1.2/apiguardian-api-1.1.2.jar:/Users/mullai/.m2/repository/io/github/bonigarcia/webdrivermanager/5.6.2/webdrivermanager-5.6.2.jar:/Users/mullai/.m2/repository/org/slf4j/slf4j-api/2.0.9/slf4j-api-2.0.9.jar:/Users/mullai/.m2/repository/com/google/code/gson/gson/2.10.1/gson-2.10.1.jar:/Users/mullai/.m2/repository/com/github/docker-java/docker-java/3.3.4/docker-java-3.3.4.jar:/Users/mullai/.m2/repository/com/github/docker-java/docker-java-core/3.3.4/docker-java-core-3.3.4.jar:/Users/mullai/.m2/repository/com/github/docker-java/docker-java-api/3.3.4/docker-java-api-3.3.4.jar:/Users/mullai/.m2/repository/org/bouncycastle/bcpkix-jdk18on/1.76/bcpkix-jdk18on-1.76.jar:/Users/mullai/.m2/repository/org/bouncycastle/bcprov-jdk18on/1.76/bcprov-jdk18on-1.76.jar:/Users/mullai/.m2/repository/org/bouncycastle/bcutil-jdk18on/1.76/bcutil-jdk18on-1.76.jar:/Users/mullai/.m2/repository/org/slf4j/jcl-over-slf4j/1.7.30/jcl-over-slf4j-1.7.30.jar:/Users/mullai/.m2/repository/com/github/docker-java/docker-java-transport-httpclient5/3.3.4/docker-java-transport-httpclient5-3.3.4.jar:/Users/mullai/.m2/repository/com/github/docker-java/docker-java-transport/3.3.4/docker-java-transport-3.3.4.jar:/Users/mullai/.m2/repository/net/java/dev/jna/jna/5.13.0/jna-5.13.0.jar:/Users/mullai/.m2/repository/org/brotli/dec/0.1.2/dec-0.1.2.jar:/Users/mullai/.m2/repository/org/apache/commons/commons-lang3/3.13.0/commons-lang3-3.13.0.jar:/Users/mullai/.m2/repository/org/apache/commons/commons-compress/1.24.0/commons-compress-1.24.0.jar:/Users/mullai/.m2/repository/org/apache/httpcomponents/client5/httpclient5/5.2.1/httpclient5-5.2.1.jar:/Users/mullai/.m2/repository/org/apache/httpcomponents/core5/httpcore5/5.2/httpcore5-5.2.jar:/Users/mullai/.m2/repository/org/apache/httpcomponents/core5/httpcore5-h2/5.2/httpcore5-h2-5.2.jar:/Users/mullai/.m2/repository/com/squareup/okhttp/okhttp/2.7.5/okhttp-2.7.5.jar:/Users/mullai/.m2/repository/com/squareup/okio/okio/1.6.0/okio-1.6.0.jar:/Users/mullai/.m2/repository/org/apache/commons/commons-csv/1.10.0/commons-csv-1.10.0.jar:/Users/mullai/.m2/repository/com/opencsv/opencsv/5.7.1/opencsv-5.7.1.jar:/Users/mullai/.m2/repository/org/apache/commons/commons-text/1.10.0/commons-text-1.10.0.jar:/Users/mullai/.m2/repository/commons-beanutils/commons-beanutils/1.9.4/commons-beanutils-1.9.4.jar:/Users/mullai/.m2/repository/commons-logging/commons-logging/1.2/commons-logging-1.2.jar:/Users/mullai/.m2/repository/commons-collections/commons-collections/3.2.2/commons-collections-3.2.2.jar:/Users/mullai/.m2/repository/org/apache/commons/commons-collections4/4.4/commons-collections4-4.4.jar:/Users/mullai/.m2/repository/io/cucumber/cucumber-java/7.15.0/cucumber-java-7.15.0.jar:/Users/mullai/.m2/repository/net/masterthought/cucumber-reporting/5.7.7/cucumber-reporting-5.7.7.jar:/Users/mullai/.m2/repository/com/fasterxml/jackson/core/jackson-databind/2.15.2/jackson-databind-2.15.2.jar:/Users/mullai/.m2/repository/com/fasterxml/jackson/core/jackson-annotations/2.15.2/jackson-annotations-2.15.2.jar:/Users/mullai/.m2/repository/com/fasterxml/jackson/core/jackson-core/2.15.2/jackson-core-2.15.2.jar:/Users/mullai/.m2/repository/com/fasterxml/jackson/datatype/jackson-datatype-jsr310/2.15.2/jackson-datatype-jsr310-2.15.2.jar:/Users/mullai/.m2/repository/org/apache/velocity/velocity-engine-core/2.3/velocity-engine-core-2.3.jar:/Users/mullai/.m2/repository/joda-time/joda-time/2.12.5/joda-time-2.12.5.jar:/Users/mullai/.m2/repository/commons-io/commons-io/2.7/commons-io-2.7.jar:/Users/mullai/.m2/repository/org/jsoup/jsoup/1.16.1/jsoup-1.16.1.jar:/Users/mullai/.m2/repository/com/googlecode/owasp-java-html-sanitizer/owasp-java-html-sanitizer/20220608.1/owasp-java-html-sanitizer-20220608.1.jar:/Users/mullai/.m2/repository/commons-configuration/commons-configuration/1.10/commons-configuration-1.10.jar:/Users/mullai/.m2/repository/commons-lang/commons-lang/2.6/commons-lang-2.6.jar:/Users/mullai/.m2/repository/tech/grasshopper/extentreports-cucumber7-adapter/1.9.2/extentreports-cucumber7-adapter-1.9.2.jar:/Users/mullai/.m2/repository/tech/grasshopper/extent-pdf-report/2.9.1/extent-pdf-report-2.9.1.jar:/Users/mullai/.m2/repository/tech/grasshopper/cucumber-pdf-report/2.11.1/cucumber-pdf-report-2.11.1.jar:/Users/mullai/.m2/repository/org/apache/pdfbox/pdfbox/2.0.26/pdfbox-2.0.26.jar:/Users/mullai/.m2/repository/org/apache/pdfbox/fontbox/2.0.26/fontbox-2.0.26.jar:/Users/mullai/.m2/repository/org/knowm/xchart/xchart/3.8.0/xchart-3.8.0.jar:/Users/mullai/.m2/repository/de/erichseifert/vectorgraphics2d/VectorGraphics2D/0.13/VectorGraphics2D-0.13.jar:/Users/mullai/.m2/repository/de/rototor/pdfbox/graphics2d/0.30/graphics2d-0.30.jar:/Users/mullai/.m2/repository/com/madgag/animated-gif-lib/1.4/animated-gif-lib-1.4.jar:/Users/mullai/.m2/repository/org/yaml/snakeyaml/1.28/snakeyaml-1.28.jar:/Users/mullai/.m2/repository/tech/grasshopper/table-layout/1.5.1/table-layout-1.5.1.jar:/Users/mullai/.m2/repository/tech/grasshopper/rest-assured-cucumber-pdf-report/1.4.1/rest-assured-cucumber-pdf-report-1.4.1.jar:/Users/mullai/.m2/repository/com/aventstack/klov-reporter/5.0.9/klov-reporter-5.0.9.jar:/Users/mullai/.m2/repository/org/mongodb/mongodb-driver/3.6.4/mongodb-driver-3.6.4.jar:/Users/mullai/.m2/repository/org/mongodb/mongodb-driver-core/3.6.4/mongodb-driver-core-3.6.4.jar:/Users/mullai/.m2/repository/org/mongodb/bson/3.6.4/bson-3.6.4.jar:/Users/mullai/.m2/repository/org/apache/httpcomponents/httpmime/4.5.13/httpmime-4.5.13.jar:/Users/mullai/.m2/repository/tech/grasshopper/htmlextentreporter/1.0.1/htmlextentreporter-1.0.1.jar:/Users/mullai/.m2/repository/com/aventstack/extentreports/5.1.1/extentreports-5.1.1.jar:/Users/mullai/.m2/repository/io/reactivex/rxjava3/rxjava/3.1.6/rxjava-3.1.6.jar:/Users/mullai/.m2/repository/org/reactivestreams/reactive-streams/1.0.4/reactive-streams-1.0.4.jar:/Users/mullai/.m2/repository/org/freemarker/freemarker/2.3.32/freemarker-2.3.32.jar:/Users/mullai/.m2/repository/org/projectlombok/lombok/1.18.26/lombok-1.18.26.jar:/Users/mullai/.m2/repository/org/apache/poi/poi/5.2.5/poi-5.2.5.jar:/Users/mullai/.m2/repository/commons-codec/commons-codec/1.16.0/commons-codec-1.16.0.jar:/Users/mullai/.m2/repository/org/apache/commons/commons-math3/3.6.1/commons-math3-3.6.1.jar:/Users/mullai/.m2/repository/com/zaxxer/SparseBitSet/1.3/SparseBitSet-1.3.jar:/Users/mullai/.m2/repository/org/apache/logging/log4j/log4j-api/2.21.1/log4j-api-2.21.1.jar:/Users/mullai/.m2/repository/io/cucumber/cucumber-junit/7.15.0/cucumber-junit-7.15.0.jar:/Users/mullai/.m2/repository/junit/junit/4.13.2/junit-4.13.2.jar:/Users/mullai/.m2/repository/org/hamcrest/hamcrest-core/1.3/hamcrest-core-1.3.jar:/Users/mullai/.m2/repository/io/cucumber/cucumber-core/7.15.0/cucumber-core-7.15.0.jar:/Users/mullai/.m2/repository/io/cucumber/cucumber-gherkin/7.15.0/cucumber-gherkin-7.15.0.jar:/Users/mullai/.m2/repository/io/cucumber/cucumber-gherkin-messages/7.15.0/cucumber-gherkin-messages-7.15.0.jar:/Users/mullai/.m2/repository/io/cucumber/messages/22.0.0/messages-22.0.0.jar:/Users/mullai/.m2/repository/io/cucumber/tag-expressions/6.0.0/tag-expressions-6.0.0.jar:/Users/mullai/.m2/repository/io/cucumber/cucumber-expressions/17.0.1/cucumber-expressions-17.0.1.jar:/Users/mullai/.m2/repository/io/cucumber/datatable/7.15.0/datatable-7.15.0.jar:/Users/mullai/.m2/repository/io/cucumber/cucumber-plugin/7.15.0/cucumber-plugin-7.15.0.jar:/Users/mullai/.m2/repository/io/cucumber/docstring/7.15.0/docstring-7.15.0.jar:/Users/mullai/.m2/repository/io/cucumber/html-formatter/20.4.0/html-formatter-20.4.0.jar:/Users/mullai/.m2/repository/io/cucumber/junit-xml-formatter/0.2.0/junit-xml-formatter-0.2.0.jar:/Users/mullai/.m2/repository/io/cucumber/ci-environment/10.0.0/ci-environment-10.0.0.jar:/Users/mullai/.m2/repository/org/seleniumhq/selenium/selenium-java/4.16.1/selenium-java-4.16.1.jar:/Users/mullai/.m2/repository/org/seleniumhq/selenium/selenium-api/4.16.1/selenium-api-4.16.1.jar:/Users/mullai/.m2/repository/org/seleniumhq/selenium/selenium-chrome-driver/4.16.1/selenium-chrome-driver-4.16.1.jar:/Users/mullai/.m2/repository/com/google/auto/service/auto-service-annotations/1.1.1/auto-service-annotations-1.1.1.jar:/Users/mullai/.m2/repository/org/seleniumhq/selenium/selenium-chromium-driver/4.16.1/selenium-chromium-driver-4.16.1.jar:/Users/mullai/.m2/repository/org/seleniumhq/selenium/selenium-json/4.16.1/selenium-json-4.16.1.jar:/Users/mullai/.m2/repository/org/seleniumhq/selenium/selenium-manager/4.16.1/selenium-manager-4.16.1.jar:/Users/mullai/.m2/repository/org/seleniumhq/selenium/selenium-devtools-v118/4.16.1/selenium-devtools-v118-4.16.1.jar:/Users/mullai/.m2/repository/org/seleniumhq/selenium/selenium-devtools-v119/4.16.1/selenium-devtools-v119-4.16.1.jar:/Users/mullai/.m2/repository/org/seleniumhq/selenium/selenium-devtools-v120/4.16.1/selenium-devtools-v120-4.16.1.jar:/Users/mullai/.m2/repository/org/seleniumhq/selenium/selenium-devtools-v85/4.16.1/selenium-devtools-v85-4.16.1.jar:/Users/mullai/.m2/repository/org/seleniumhq/selenium/selenium-edge-driver/4.16.1/selenium-edge-driver-4.16.1.jar:/Users/mullai/.m2/repository/org/seleniumhq/selenium/selenium-firefox-driver/4.16.1/selenium-firefox-driver-4.16.1.jar:/Users/mullai/.m2/repository/org/seleniumhq/selenium/selenium-http/4.16.1/selenium-http-4.16.1.jar:/Users/mullai/.m2/repository/dev/failsafe/failsafe/3.3.2/failsafe-3.3.2.jar:/Users/mullai/.m2/repository/org/seleniumhq/selenium/selenium-ie-driver/4.16.1/selenium-ie-driver-4.16.1.jar:/Users/mullai/.m2/repository/org/seleniumhq/selenium/selenium-remote-driver/4.16.1/selenium-remote-driver-4.16.1.jar:/Users/mullai/.m2/repository/io/opentelemetry/opentelemetry-api/1.28.0/opentelemetry-api-1.28.0.jar:/Users/mullai/.m2/repository/io/opentelemetry/opentelemetry-context/1.28.0/opentelemetry-context-1.28.0.jar:/Users/mullai/.m2/repository/io/opentelemetry/opentelemetry-exporter-logging/1.28.0/opentelemetry-exporter-logging-1.28.0.jar:/Users/mullai/.m2/repository/io/opentelemetry/opentelemetry-sdk-metrics/1.28.0/opentelemetry-sdk-metrics-1.28.0.jar:/Users/mullai/.m2/repository/io/opentelemetry/opentelemetry-extension-incubator/1.28.0-alpha/opentelemetry-extension-incubator-1.28.0-alpha.jar:/Users/mullai/.m2/repository/io/opentelemetry/opentelemetry-sdk-logs/1.28.0/opentelemetry-sdk-logs-1.28.0.jar:/Users/mullai/.m2/repository/io/opentelemetry/opentelemetry-sdk-common/1.28.0/opentelemetry-sdk-common-1.28.0.jar:/Users/mullai/.m2/repository/io/opentelemetry/opentelemetry-sdk-extension-autoconfigure-spi/1.28.0/opentelemetry-sdk-extension-autoconfigure-spi-1.28.0.jar:/Users/mullai/.m2/repository/io/opentelemetry/opentelemetry-sdk-extension-autoconfigure/1.28.0/opentelemetry-sdk-extension-autoconfigure-1.28.0.jar:/Users/mullai/.m2/repository/io/opentelemetry/opentelemetry-api-events/1.28.0-alpha/opentelemetry-api-events-1.28.0-alpha.jar:/Users/mullai/.m2/repository/io/opentelemetry/opentelemetry-sdk-trace/1.28.0/opentelemetry-sdk-trace-1.28.0.jar:/Users/mullai/.m2/repository/io/opentelemetry/opentelemetry-sdk/1.28.0/opentelemetry-sdk-1.28.0.jar:/Users/mullai/.m2/repository/io/opentelemetry/opentelemetry-semconv/1.28.0-alpha/opentelemetry-semconv-1.28.0-alpha.jar:/Users/mullai/.m2/repository/net/bytebuddy/byte-buddy/1.14.5/byte-buddy-1.14.5.jar:/Users/mullai/.m2/repository/org/seleniumhq/selenium/selenium-os/4.16.1/selenium-os-4.16.1.jar:/Users/mullai/.m2/repository/org/apache/commons/commons-exec/1.3/commons-exec-1.3.jar:/Users/mullai/.m2/repository/org/seleniumhq/selenium/selenium-safari-driver/4.16.1/selenium-safari-driver-4.16.1.jar:/Users/mullai/.m2/repository/org/seleniumhq/selenium/selenium-support/4.16.1/selenium-support-4.16.1.jar:/Users/mullai/.m2/repository/org/json/json/20210307/json-20210307.jar:/Users/mullai/.m2/repository/io/qameta/allure/allure-cucumber7-jvm/2.25.0/allure-cucumber7-jvm-2.25.0.jar:/Users/mullai/.m2/repository/io/qameta/allure/allure-java-commons/2.25.0/allure-java-commons-2.25.0.jar:/Users/mullai/.m2/repository/io/qameta/allure/allure-model/2.25.0/allure-model-2.25.0.jar:/Users/mullai/.m2/repository/io/cucumber/gherkin/26.2.0/gherkin-26.2.0.jar:/Users/mullai/.m2/repository/io/qameta/allure/allure-junit-platform/2.25.0/allure-junit-platform-2.25.0.jar:/Users/mullai/.m2/repository/org/junit/platform/junit-platform-launcher/1.9.2/junit-platform-launcher-1.9.2.jar:/Users/mullai/.m2/repository/org/junit/platform/junit-platform-engine/1.9.2/junit-platform-engine-1.9.2.jar:/Users/mullai/.m2/repository/io/qameta/allure/allure-test-filter/2.25.0/allure-test-filter-2.25.0.jar:/Users/mullai/.m2/repository/com/sun/mail/javax.mail/1.6.2/javax.mail-1.6.2.jar:/Users/mullai/.m2/repository/javax/activation/activation/1.1/activation-1.1.jar:/Users/mullai/.m2/repository/org/apache/commons/commons-email/1.3.1/commons-email-1.3.1.jar:/Users/mullai/.m2/repository/javax/mail/mail/1.4.5/mail-1.4.5.jar:"/>
    <property name="java.vm.vendor" value="Oracle Corporation"/>
    <property name="sun.arch.data.model" value="64"/>
    <property name="mail.smtp.ssl.ciphers" value="TLS_ECDHE_RSA_WITH_AES_128_CBC_SHA256"/>
    <property name="java.vendor.url" value="https://java.oracle.com/"/>
    <property name="user.timezone" value="Asia/Kolkata"/>
    <property name="os.name" value="Mac OS X"/>
    <property name="java.vm.specification.version" value="21"/>
    <property name="sun.java.launcher" value="SUN_STANDARD"/>
    <property name="user.country" value="IN"/>
    <property name="sun.boot.library.path" value="/Library/Java/JavaVirtualMachines/jdk-21.jdk/Contents/Home/lib"/>
    <property name="sun.java.command" value="/Users/mullai/Documents/GitRepo/Git Repo Greatify/Greatify_ERP_Automation/target/surefire/surefirebooter-20240305184322376_3.jar /Users/mullai/Documents/GitRepo/Git Repo Greatify/Greatify_ERP_Automation/target/surefire 2024-03-05T18-43-22_335-jvmRun1 surefire-20240305184322376_1tmp surefire_0-20240305184322376_2tmp"/>
    <property name="http.nonProxyHosts" value="local|*.local|169.254/16|*.169.254/16"/>
    <property name="jdk.debug" value="release"/>
    <property name="surefire.test.class.path" value="/Users/mullai/Documents/GitRepo/Git Repo Greatify/Greatify_ERP_Automation/target/test-classes:/Users/mullai/Documents/GitRepo/Git Repo Greatify/Greatify_ERP_Automation/target/classes:/Users/mullai/.m2/repository/com/mailosaur/mailosaur-java/7.0.8/mailosaur-java-7.0.8.jar:/Users/mullai/.m2/repository/com/google/http-client/google-http-client/1.44.1/google-http-client-1.44.1.jar:/Users/mullai/.m2/repository/org/apache/httpcomponents/httpclient/4.5.14/httpclient-4.5.14.jar:/Users/mullai/.m2/repository/org/apache/httpcomponents/httpcore/4.4.16/httpcore-4.4.16.jar:/Users/mullai/.m2/repository/com/google/code/findbugs/jsr305/3.0.2/jsr305-3.0.2.jar:/Users/mullai/.m2/repository/com/google/errorprone/error_prone_annotations/2.23.0/error_prone_annotations-2.23.0.jar:/Users/mullai/.m2/repository/com/google/j2objc/j2objc-annotations/2.8/j2objc-annotations-2.8.jar:/Users/mullai/.m2/repository/io/grpc/grpc-context/1.60.1/grpc-context-1.60.1.jar:/Users/mullai/.m2/repository/io/grpc/grpc-api/1.60.1/grpc-api-1.60.1.jar:/Users/mullai/.m2/repository/io/opencensus/opencensus-api/0.31.1/opencensus-api-0.31.1.jar:/Users/mullai/.m2/repository/io/opencensus/opencensus-contrib-http-util/0.31.1/opencensus-contrib-http-util-0.31.1.jar:/Users/mullai/.m2/repository/com/google/http-client/google-http-client-gson/1.44.1/google-http-client-gson-1.44.1.jar:/Users/mullai/.m2/repository/com/google/guava/guava/33.0.0-jre/guava-33.0.0-jre.jar:/Users/mullai/.m2/repository/com/google/guava/failureaccess/1.0.2/failureaccess-1.0.2.jar:/Users/mullai/.m2/repository/com/google/guava/listenablefuture/9999.0-empty-to-avoid-conflict-with-guava/listenablefuture-9999.0-empty-to-avoid-conflict-with-guava.jar:/Users/mullai/.m2/repository/org/checkerframework/checker-qual/3.41.0/checker-qual-3.41.0.jar:/Users/mullai/.m2/repository/org/apache/maven/plugins/maven-compiler-plugin/3.12.1/maven-compiler-plugin-3.12.1.jar:/Users/mullai/.m2/repository/org/apache/maven/shared/maven-shared-utils/3.4.2/maven-shared-utils-3.4.2.jar:/Users/mullai/.m2/repository/org/apache/maven/shared/maven-shared-incremental/1.1/maven-shared-incremental-1.1.jar:/Users/mullai/.m2/repository/org/codehaus/plexus/plexus-component-annotations/1.5.5/plexus-component-annotations-1.5.5.jar:/Users/mullai/.m2/repository/org/codehaus/plexus/plexus-java/1.2.0/plexus-java-1.2.0.jar:/Users/mullai/.m2/repository/org/ow2/asm/asm/9.6/asm-9.6.jar:/Users/mullai/.m2/repository/com/thoughtworks/qdox/qdox/2.0.3/qdox-2.0.3.jar:/Users/mullai/.m2/repository/org/codehaus/plexus/plexus-compiler-api/2.14.2/plexus-compiler-api-2.14.2.jar:/Users/mullai/.m2/repository/org/codehaus/plexus/plexus-compiler-manager/2.14.2/plexus-compiler-manager-2.14.2.jar:/Users/mullai/.m2/repository/javax/inject/javax.inject/1/javax.inject-1.jar:/Users/mullai/.m2/repository/org/codehaus/plexus/plexus-xml/4.0.1/plexus-xml-4.0.1.jar:/Users/mullai/.m2/repository/org/apache/maven/maven-xml-impl/4.0.0-alpha-5/maven-xml-impl-4.0.0-alpha-5.jar:/Users/mullai/.m2/repository/org/apache/maven/maven-api-xml/4.0.0-alpha-5/maven-api-xml-4.0.0-alpha-5.jar:/Users/mullai/.m2/repository/org/apache/maven/maven-api-meta/4.0.0-alpha-5/maven-api-meta-4.0.0-alpha-5.jar:/Users/mullai/.m2/repository/org/eclipse/sisu/org.eclipse.sisu.plexus/0.3.5/org.eclipse.sisu.plexus-0.3.5.jar:/Users/mullai/.m2/repository/javax/annotation/javax.annotation-api/1.2/javax.annotation-api-1.2.jar:/Users/mullai/.m2/repository/org/eclipse/sisu/org.eclipse.sisu.inject/0.3.5/org.eclipse.sisu.inject-0.3.5.jar:/Users/mullai/.m2/repository/org/codehaus/plexus/plexus-classworlds/2.5.2/plexus-classworlds-2.5.2.jar:/Users/mullai/.m2/repository/org/codehaus/plexus/plexus-compiler-javac/2.14.2/plexus-compiler-javac-2.14.2.jar:/Users/mullai/.m2/repository/org/codehaus/plexus/plexus-utils/4.0.0/plexus-utils-4.0.0.jar:/Users/mullai/.m2/repository/org/junit/jupiter/junit-jupiter-api/5.10.1/junit-jupiter-api-5.10.1.jar:/Users/mullai/.m2/repository/org/opentest4j/opentest4j/1.3.0/opentest4j-1.3.0.jar:/Users/mullai/.m2/repository/org/junit/platform/junit-platform-commons/1.10.1/junit-platform-commons-1.10.1.jar:/Users/mullai/.m2/repository/org/apiguardian/apiguardian-api/1.1.2/apiguardian-api-1.1.2.jar:/Users/mullai/.m2/repository/io/github/bonigarcia/webdrivermanager/5.6.2/webdrivermanager-5.6.2.jar:/Users/mullai/.m2/repository/org/slf4j/slf4j-api/2.0.9/slf4j-api-2.0.9.jar:/Users/mullai/.m2/repository/com/google/code/gson/gson/2.10.1/gson-2.10.1.jar:/Users/mullai/.m2/repository/com/github/docker-java/docker-java/3.3.4/docker-java-3.3.4.jar:/Users/mullai/.m2/repository/com/github/docker-java/docker-java-core/3.3.4/docker-java-core-3.3.4.jar:/Users/mullai/.m2/repository/com/github/docker-java/docker-java-api/3.3.4/docker-java-api-3.3.4.jar:/Users/mullai/.m2/repository/org/bouncycastle/bcpkix-jdk18on/1.76/bcpkix-jdk18on-1.76.jar:/Users/mullai/.m2/repository/org/bouncycastle/bcprov-jdk18on/1.76/bcprov-jdk18on-1.76.jar:/Users/mullai/.m2/repository/org/bouncycastle/bcutil-jdk18on/1.76/bcutil-jdk18on-1.76.jar:/Users/mullai/.m2/repository/org/slf4j/jcl-over-slf4j/1.7.30/jcl-over-slf4j-1.7.30.jar:/Users/mullai/.m2/repository/com/github/docker-java/docker-java-transport-httpclient5/3.3.4/docker-java-transport-httpclient5-3.3.4.jar:/Users/mullai/.m2/repository/com/github/docker-java/docker-java-transport/3.3.4/docker-java-transport-3.3.4.jar:/Users/mullai/.m2/repository/net/java/dev/jna/jna/5.13.0/jna-5.13.0.jar:/Users/mullai/.m2/repository/org/brotli/dec/0.1.2/dec-0.1.2.jar:/Users/mullai/.m2/repository/org/apache/commons/commons-lang3/3.13.0/commons-lang3-3.13.0.jar:/Users/mullai/.m2/repository/org/apache/commons/commons-compress/1.24.0/commons-compress-1.24.0.jar:/Users/mullai/.m2/repository/org/apache/httpcomponents/client5/httpclient5/5.2.1/httpclient5-5.2.1.jar:/Users/mullai/.m2/repository/org/apache/httpcomponents/core5/httpcore5/5.2/httpcore5-5.2.jar:/Users/mullai/.m2/repository/org/apache/httpcomponents/core5/httpcore5-h2/5.2/httpcore5-h2-5.2.jar:/Users/mullai/.m2/repository/com/squareup/okhttp/okhttp/2.7.5/okhttp-2.7.5.jar:/Users/mullai/.m2/repository/com/squareup/okio/okio/1.6.0/okio-1.6.0.jar:/Users/mullai/.m2/repository/org/apache/commons/commons-csv/1.10.0/commons-csv-1.10.0.jar:/Users/mullai/.m2/repository/com/opencsv/opencsv/5.7.1/opencsv-5.7.1.jar:/Users/mullai/.m2/repository/org/apache/commons/commons-text/1.10.0/commons-text-1.10.0.jar:/Users/mullai/.m2/repository/commons-beanutils/commons-beanutils/1.9.4/commons-beanutils-1.9.4.jar:/Users/mullai/.m2/repository/commons-logging/commons-logging/1.2/commons-logging-1.2.jar:/Users/mullai/.m2/repository/commons-collections/commons-collections/3.2.2/commons-collections-3.2.2.jar:/Users/mullai/.m2/repository/org/apache/commons/commons-collections4/4.4/commons-collections4-4.4.jar:/Users/mullai/.m2/repository/io/cucumber/cucumber-java/7.15.0/cucumber-java-7.15.0.jar:/Users/mullai/.m2/repository/net/masterthought/cucumber-reporting/5.7.7/cucumber-reporting-5.7.7.jar:/Users/mullai/.m2/repository/com/fasterxml/jackson/core/jackson-databind/2.15.2/jackson-databind-2.15.2.jar:/Users/mullai/.m2/repository/com/fasterxml/jackson/core/jackson-annotations/2.15.2/jackson-annotations-2.15.2.jar:/Users/mullai/.m2/repository/com/fasterxml/jackson/core/jackson-core/2.15.2/jackson-core-2.15.2.jar:/Users/mullai/.m2/repository/com/fasterxml/jackson/datatype/jackson-datatype-jsr310/2.15.2/jackson-datatype-jsr310-2.15.2.jar:/Users/mullai/.m2/repository/org/apache/velocity/velocity-engine-core/2.3/velocity-engine-core-2.3.jar:/Users/mullai/.m2/repository/joda-time/joda-time/2.12.5/joda-time-2.12.5.jar:/Users/mullai/.m2/repository/commons-io/commons-io/2.7/commons-io-2.7.jar:/Users/mullai/.m2/repository/org/jsoup/jsoup/1.16.1/jsoup-1.16.1.jar:/Users/mullai/.m2/repository/com/googlecode/owasp-java-html-sanitizer/owasp-java-html-sanitizer/20220608.1/owasp-java-html-sanitizer-20220608.1.jar:/Users/mullai/.m2/repository/commons-configuration/commons-configuration/1.10/commons-configuration-1.10.jar:/Users/mullai/.m2/repository/commons-lang/commons-lang/2.6/commons-lang-2.6.jar:/Users/mullai/.m2/repository/tech/grasshopper/extentreports-cucumber7-adapter/1.9.2/extentreports-cucumber7-adapter-1.9.2.jar:/Users/mullai/.m2/repository/tech/grasshopper/extent-pdf-report/2.9.1/extent-pdf-report-2.9.1.jar:/Users/mullai/.m2/repository/tech/grasshopper/cucumber-pdf-report/2.11.1/cucumber-pdf-report-2.11.1.jar:/Users/mullai/.m2/repository/org/apache/pdfbox/pdfbox/2.0.26/pdfbox-2.0.26.jar:/Users/mullai/.m2/repository/org/apache/pdfbox/fontbox/2.0.26/fontbox-2.0.26.jar:/Users/mullai/.m2/repository/org/knowm/xchart/xchart/3.8.0/xchart-3.8.0.jar:/Users/mullai/.m2/repository/de/erichseifert/vectorgraphics2d/VectorGraphics2D/0.13/VectorGraphics2D-0.13.jar:/Users/mullai/.m2/repository/de/rototor/pdfbox/graphics2d/0.30/graphics2d-0.30.jar:/Users/mullai/.m2/repository/com/madgag/animated-gif-lib/1.4/animated-gif-lib-1.4.jar:/Users/mullai/.m2/repository/org/yaml/snakeyaml/1.28/snakeyaml-1.28.jar:/Users/mullai/.m2/repository/tech/grasshopper/table-layout/1.5.1/table-layout-1.5.1.jar:/Users/mullai/.m2/repository/tech/grasshopper/rest-assured-cucumber-pdf-report/1.4.1/rest-assured-cucumber-pdf-report-1.4.1.jar:/Users/mullai/.m2/repository/com/aventstack/klov-reporter/5.0.9/klov-reporter-5.0.9.jar:/Users/mullai/.m2/repository/org/mongodb/mongodb-driver/3.6.4/mongodb-driver-3.6.4.jar:/Users/mullai/.m2/repository/org/mongodb/mongodb-driver-core/3.6.4/mongodb-driver-core-3.6.4.jar:/Users/mullai/.m2/repository/org/mongodb/bson/3.6.4/bson-3.6.4.jar:/Users/mullai/.m2/repository/org/apache/httpcomponents/httpmime/4.5.13/httpmime-4.5.13.jar:/Users/mullai/.m2/repository/tech/grasshopper/htmlextentreporter/1.0.1/htmlextentreporter-1.0.1.jar:/Users/mullai/.m2/repository/com/aventstack/extentreports/5.1.1/extentreports-5.1.1.jar:/Users/mullai/.m2/repository/io/reactivex/rxjava3/rxjava/3.1.6/rxjava-3.1.6.jar:/Users/mullai/.m2/repository/org/reactivestreams/reactive-streams/1.0.4/reactive-streams-1.0.4.jar:/Users/mullai/.m2/repository/org/freemarker/freemarker/2.3.32/freemarker-2.3.32.jar:/Users/mullai/.m2/repository/org/projectlombok/lombok/1.18.26/lombok-1.18.26.jar:/Users/mullai/.m2/repository/org/apache/poi/poi/5.2.5/poi-5.2.5.jar:/Users/mullai/.m2/repository/commons-codec/commons-codec/1.16.0/commons-codec-1.16.0.jar:/Users/mullai/.m2/repository/org/apache/commons/commons-math3/3.6.1/commons-math3-3.6.1.jar:/Users/mullai/.m2/repository/com/zaxxer/SparseBitSet/1.3/SparseBitSet-1.3.jar:/Users/mullai/.m2/repository/org/apache/logging/log4j/log4j-api/2.21.1/log4j-api-2.21.1.jar:/Users/mullai/.m2/repository/io/cucumber/cucumber-junit/7.15.0/cucumber-junit-7.15.0.jar:/Users/mullai/.m2/repository/junit/junit/4.13.2/junit-4.13.2.jar:/Users/mullai/.m2/repository/org/hamcrest/hamcrest-core/1.3/hamcrest-core-1.3.jar:/Users/mullai/.m2/repository/io/cucumber/cucumber-core/7.15.0/cucumber-core-7.15.0.jar:/Users/mullai/.m2/repository/io/cucumber/cucumber-gherkin/7.15.0/cucumber-gherkin-7.15.0.jar:/Users/mullai/.m2/repository/io/cucumber/cucumber-gherkin-messages/7.15.0/cucumber-gherkin-messages-7.15.0.jar:/Users/mullai/.m2/repository/io/cucumber/messages/22.0.0/messages-22.0.0.jar:/Users/mullai/.m2/repository/io/cucumber/tag-expressions/6.0.0/tag-expressions-6.0.0.jar:/Users/mullai/.m2/repository/io/cucumber/cucumber-expressions/17.0.1/cucumber-expressions-17.0.1.jar:/Users/mullai/.m2/repository/io/cucumber/datatable/7.15.0/datatable-7.15.0.jar:/Users/mullai/.m2/repository/io/cucumber/cucumber-plugin/7.15.0/cucumber-plugin-7.15.0.jar:/Users/mullai/.m2/repository/io/cucumber/docstring/7.15.0/docstring-7.15.0.jar:/Users/mullai/.m2/repository/io/cucumber/html-formatter/20.4.0/html-formatter-20.4.0.jar:/Users/mullai/.m2/repository/io/cucumber/junit-xml-formatter/0.2.0/junit-xml-formatter-0.2.0.jar:/Users/mullai/.m2/repository/io/cucumber/ci-environment/10.0.0/ci-environment-10.0.0.jar:/Users/mullai/.m2/repository/org/seleniumhq/selenium/selenium-java/4.16.1/selenium-java-4.16.1.jar:/Users/mullai/.m2/repository/org/seleniumhq/selenium/selenium-api/4.16.1/selenium-api-4.16.1.jar:/Users/mullai/.m2/repository/org/seleniumhq/selenium/selenium-chrome-driver/4.16.1/selenium-chrome-driver-4.16.1.jar:/Users/mullai/.m2/repository/com/google/auto/service/auto-service-annotations/1.1.1/auto-service-annotations-1.1.1.jar:/Users/mullai/.m2/repository/org/seleniumhq/selenium/selenium-chromium-driver/4.16.1/selenium-chromium-driver-4.16.1.jar:/Users/mullai/.m2/repository/org/seleniumhq/selenium/selenium-json/4.16.1/selenium-json-4.16.1.jar:/Users/mullai/.m2/repository/org/seleniumhq/selenium/selenium-manager/4.16.1/selenium-manager-4.16.1.jar:/Users/mullai/.m2/repository/org/seleniumhq/selenium/selenium-devtools-v118/4.16.1/selenium-devtools-v118-4.16.1.jar:/Users/mullai/.m2/repository/org/seleniumhq/selenium/selenium-devtools-v119/4.16.1/selenium-devtools-v119-4.16.1.jar:/Users/mullai/.m2/repository/org/seleniumhq/selenium/selenium-devtools-v120/4.16.1/selenium-devtools-v120-4.16.1.jar:/Users/mullai/.m2/repository/org/seleniumhq/selenium/selenium-devtools-v85/4.16.1/selenium-devtools-v85-4.16.1.jar:/Users/mullai/.m2/repository/org/seleniumhq/selenium/selenium-edge-driver/4.16.1/selenium-edge-driver-4.16.1.jar:/Users/mullai/.m2/repository/org/seleniumhq/selenium/selenium-firefox-driver/4.16.1/selenium-firefox-driver-4.16.1.jar:/Users/mullai/.m2/repository/org/seleniumhq/selenium/selenium-http/4.16.1/selenium-http-4.16.1.jar:/Users/mullai/.m2/repository/dev/failsafe/failsafe/3.3.2/failsafe-3.3.2.jar:/Users/mullai/.m2/repository/org/seleniumhq/selenium/selenium-ie-driver/4.16.1/selenium-ie-driver-4.16.1.jar:/Users/mullai/.m2/repository/org/seleniumhq/selenium/selenium-remote-driver/4.16.1/selenium-remote-driver-4.16.1.jar:/Users/mullai/.m2/repository/io/opentelemetry/opentelemetry-api/1.28.0/opentelemetry-api-1.28.0.jar:/Users/mullai/.m2/repository/io/opentelemetry/opentelemetry-context/1.28.0/opentelemetry-context-1.28.0.jar:/Users/mullai/.m2/repository/io/opentelemetry/opentelemetry-exporter-logging/1.28.0/opentelemetry-exporter-logging-1.28.0.jar:/Users/mullai/.m2/repository/io/opentelemetry/opentelemetry-sdk-metrics/1.28.0/opentelemetry-sdk-metrics-1.28.0.jar:/Users/mullai/.m2/repository/io/opentelemetry/opentelemetry-extension-incubator/1.28.0-alpha/opentelemetry-extension-incubator-1.28.0-alpha.jar:/Users/mullai/.m2/repository/io/opentelemetry/opentelemetry-sdk-logs/1.28.0/opentelemetry-sdk-logs-1.28.0.jar:/Users/mullai/.m2/repository/io/opentelemetry/opentelemetry-sdk-common/1.28.0/opentelemetry-sdk-common-1.28.0.jar:/Users/mullai/.m2/repository/io/opentelemetry/opentelemetry-sdk-extension-autoconfigure-spi/1.28.0/opentelemetry-sdk-extension-autoconfigure-spi-1.28.0.jar:/Users/mullai/.m2/repository/io/opentelemetry/opentelemetry-sdk-extension-autoconfigure/1.28.0/opentelemetry-sdk-extension-autoconfigure-1.28.0.jar:/Users/mullai/.m2/repository/io/opentelemetry/opentelemetry-api-events/1.28.0-alpha/opentelemetry-api-events-1.28.0-alpha.jar:/Users/mullai/.m2/repository/io/opentelemetry/opentelemetry-sdk-trace/1.28.0/opentelemetry-sdk-trace-1.28.0.jar:/Users/mullai/.m2/repository/io/opentelemetry/opentelemetry-sdk/1.28.0/opentelemetry-sdk-1.28.0.jar:/Users/mullai/.m2/repository/io/opentelemetry/opentelemetry-semconv/1.28.0-alpha/opentelemetry-semconv-1.28.0-alpha.jar:/Users/mullai/.m2/repository/net/bytebuddy/byte-buddy/1.14.5/byte-buddy-1.14.5.jar:/Users/mullai/.m2/repository/org/seleniumhq/selenium/selenium-os/4.16.1/selenium-os-4.16.1.jar:/Users/mullai/.m2/repository/org/apache/commons/commons-exec/1.3/commons-exec-1.3.jar:/Users/mullai/.m2/repository/org/seleniumhq/selenium/selenium-safari-driver/4.16.1/selenium-safari-driver-4.16.1.jar:/Users/mullai/.m2/repository/org/seleniumhq/selenium/selenium-support/4.16.1/selenium-support-4.16.1.jar:/Users/mullai/.m2/repository/org/json/json/20210307/json-20210307.jar:/Users/mullai/.m2/repository/io/qameta/allure/allure-cucumber7-jvm/2.25.0/allure-cucumber7-jvm-2.25.0.jar:/Users/mullai/.m2/repository/io/qameta/allure/allure-java-commons/2.25.0/allure-java-commons-2.25.0.jar:/Users/mullai/.m2/repository/io/qameta/allure/allure-model/2.25.0/allure-model-2.25.0.jar:/Users/mullai/.m2/repository/io/cucumber/gherkin/26.2.0/gherkin-26.2.0.jar:/Users/mullai/.m2/repository/io/qameta/allure/allure-junit-platform/2.25.0/allure-junit-platform-2.25.0.jar:/Users/mullai/.m2/repository/org/junit/platform/junit-platform-launcher/1.9.2/junit-platform-launcher-1.9.2.jar:/Users/mullai/.m2/repository/org/junit/platform/junit-platform-engine/1.9.2/junit-platform-engine-1.9.2.jar:/Users/mullai/.m2/repository/io/qameta/allure/allure-test-filter/2.25.0/allure-test-filter-2.25.0.jar:/Users/mullai/.m2/repository/com/sun/mail/javax.mail/1.6.2/javax.mail-1.6.2.jar:/Users/mullai/.m2/repository/javax/activation/activation/1.1/activation-1.1.jar:/Users/mullai/.m2/repository/org/apache/commons/commons-email/1.3.1/commons-email-1.3.1.jar:/Users/mullai/.m2/repository/javax/mail/mail/1.4.5/mail-1.4.5.jar:"/>
    <property name="sun.cpu.endian" value="little"/>
    <property name="user.home" value="/Users/mullai"/>
    <property name="user.language" value="en"/>
    <property name="java.specification.vendor" value="Oracle Corporation"/>
    <property name="java.version.date" value="2023-10-17"/>
    <property name="java.home" value="/Library/Java/JavaVirtualMachines/jdk-21.jdk/Contents/Home"/>
    <property name="file.separator" value="/"/>
    <property name="basedir" value="/Users/mullai/Documents/GitRepo/Git Repo Greatify/Greatify_ERP_Automation"/>
    <property name="java.vm.compressedOopsMode" value="Zero based"/>
    <property name="line.separator" value="&#10;"/>
    <property name="java.vm.specification.vendor" value="Oracle Corporation"/>
    <property name="java.specification.name" value="Java Platform API Specification"/>
    <property name="apple.awt.application.name" value="ForkedBooter"/>
    <property name="surefire.real.class.path" value="/Users/mullai/Documents/GitRepo/Git Repo Greatify/Greatify_ERP_Automation/target/surefire/surefirebooter-20240305184322376_3.jar"/>
    <property name="sun.management.compiler" value="HotSpot 64-Bit Tiered Compilers"/>
    <property name="ftp.nonProxyHosts" value="local|*.local|169.254/16|*.169.254/16"/>
    <property name="java.runtime.version" value="21.0.1+12-LTS-29"/>
    <property name="user.name" value="mullai"/>
    <property name="stdout.encoding" value="UTF-8"/>
    <property name="path.separator" value=":"/>
    <property name="os.version" value="14.3.1"/>
    <property name="java.runtime.name" value="Java(TM) SE Runtime Environment"/>
    <property name="file.encoding" value="UTF-8"/>
    <property name="java.vm.name" value="Java HotSpot(TM) 64-Bit Server VM"/>
    <property name="localRepository" value="/Users/mullai/.m2/repository"/>
    <property name="java.vendor.url.bug" value="https://bugreport.java.com/bugreport/"/>
    <property name="java.io.tmpdir" value="/var/folders/53/crfhd_xs5q96gd65741830yr0000gn/T/"/>
    <property name="java.version" value="21.0.1"/>
    <property name="user.dir" value="/Users/mullai/Documents/GitRepo/Git Repo Greatify/Greatify_ERP_Automation"/>
    <property name="os.arch" value="aarch64"/>
    <property name="java.vm.specification.name" value="Java Virtual Machine Specification"/>
    <property name="native.encoding" value="UTF-8"/>
    <property name="java.library.path" value="/Users/mullai/Library/Java/Extensions:/Library/Java/Extensions:/Network/Library/Java/Extensions:/System/Library/Java/Extensions:/usr/lib/java:."/>
    <property name="java.vm.info" value="mixed mode, sharing"/>
    <property name="stderr.encoding" value="UTF-8"/>
    <property name="java.vendor" value="Oracle Corporation"/>
    <property name="java.vm.version" value="21.0.1+12-LTS-29"/>
    <property name="https.protocols" value="TLSv1.2,TLSv1.1,TLSv1"/>
    <property name="sun.io.unicode.encoding" value="UnicodeBig"/>
    <property name="socksNonProxyHosts" value="local|*.local|169.254/16|*.169.254/16"/>
    <property name="java.class.version" value="65.0"/>
  </properties>
  <testcase name="the user is logged into the Super Admin Dashboard" classname="Invite a new school, onboard the school, and log in to the School Admin Dashboard." time="1.588">
    <system-out><![CDATA[
@SchoolOnboard
Scenario: Invite a new school, onboard the school, and log in to the School Admin Dashboard.  # src/test/resources/Features/TC2_SchoolAdminOnboard.feature:4
]]></system-out>
    <system-err><![CDATA[javax.net.ssl|DEBUG|10|main|2024-03-05 18:43:23.270 IST|SSLCipher.java:432|jdk.tls.keyLimits:  entry = AES/GCM/NoPadding KeyUpdate 2^37. AES/GCM/NOPADDING:KEYUPDATE = 137438953472
javax.net.ssl|DEBUG|10|main|2024-03-05 18:43:23.276 IST|SSLCipher.java:432|jdk.tls.keyLimits:  entry =  ChaCha20-Poly1305 KeyUpdate 2^37. CHACHA20-POLY1305:KEYUPDATE = 137438953472
Mar 05, 2024 6:43:24 PM org.openqa.selenium.devtools.CdpVersionFinder findNearestMatch
WARNING: Unable to find an exact match for CDP version 122, returning the closest version; found: 120; Please update to a Selenium version that supports CDP version 122
]]></system-err>
  </testcase>
  <testcase name="the user navigates to the &quot;Manage Schools&quot; page in the Super Admin Dashboard" classname="Invite a new school, onboard the school, and log in to the School Admin Dashboard." time="0.001">
    <system-out><![CDATA[  Given the user is logged into the Super Admin Dashboard                                     # com.stepdefinition.TC3_SchoolOnboardStep.theUserIsLoggedIntoTheSuperAdminDashboard()
]]></system-out>
  </testcase>
  <testcase name="the user generates a new School Profile invite from the Super Admin Dashboard" classname="Invite a new school, onboard the school, and log in to the School Admin Dashboard." time="0.002">
    <system-out><![CDATA[  When the user navigates to the "Manage Schools" page in the Super Admin Dashboard           # com.stepdefinition.TC3_SchoolOnboardStep.theUserNavigatesToThePageInTheSuperAdminDashboard(java.lang.String)
]]></system-out>
  </testcase>
  <testcase name="the user should verify the &quot;Success&quot; popup message in the Super Admin Dashboard." classname="Invite a new school, onboard the school, and log in to the School Admin Dashboard." time="0.001">
    <system-out><![CDATA[  And the user generates a new School Profile invite from the Super Admin Dashboard           # com.stepdefinition.TC3_SchoolOnboardStep.theUserGeneratesANewSchoolProfileInviteFromTheSuperAdminDashboard()
]]></system-out>
  </testcase>
  <testcase name="the user fetch &quot;username&quot; and &quot;password&quot; from Mailosaur portal" classname="Invite a new school, onboard the school, and log in to the School Admin Dashboard." time="0.002">
    <system-out><![CDATA[  Then the user should verify the "Success" popup message in the Super Admin Dashboard.       # com.stepdefinition.TC3_SchoolOnboardStep.theUserShouldVerifyThePopupMessageInTheSuperAdminDashboard(java.lang.String)
]]></system-out>
  </testcase>
  <testcase name="the user logs in to the School Admin Dashboard using the mailed credentials" classname="Invite a new school, onboard the school, and log in to the School Admin Dashboard." time="6.988">
    <system-out><![CDATA[  Then the user fetch "username" and "password" from Mailosaur portal                         # com.stepdefinition.TC3_SchoolOnboardStep.theUserFetchAndFromMailosaurPortal(java.lang.String,java.lang.String)
]]></system-out>
  </testcase>
  <testcase name="the user should verify the School Admin Mail-ID on the Onboard page." classname="Invite a new school, onboard the school, and log in to the School Admin Dashboard." time="0.002">
    <system-out><![CDATA[  And the user logs in to the School Admin Dashboard using the mailed credentials             # com.stepdefinition.TC3_SchoolOnboardStep.theUserLogsInToTheSchoolAdminDashboardUsingTheMailedCredentials()
]]></system-out>
  </testcase>
  <testcase name="the user onboards the school using the corresponding CSV file" classname="Invite a new school, onboard the school, and log in to the School Admin Dashboard." time="0.002">
    <system-out><![CDATA[  Then the user should verify the School Admin Mail-ID on the Onboard page.                   # com.stepdefinition.TC3_SchoolOnboardStep.theUserShouldVerifyTheSchoolAdminMailIDOnTheOnboardPage()
]]></system-out>
  </testcase>
  <testcase name="the user should verify the &quot;Successfully&quot; popup message in the School Admin Dashboard." classname="Invite a new school, onboard the school, and log in to the School Admin Dashboard." time="0.001">
    <system-out><![CDATA[  And the user onboards the school using the corresponding CSV file                           # com.stepdefinition.TC3_SchoolOnboardStep.theUserOnboardsTheSchoolUsingTheCorrespondingCSVFile()
]]></system-out>
  </testcase>
  <testcase name="the user is logged into the School Admin Dashboard" classname="Manage School Fees, Add-On Fees, Fee Discounts" time="0.001">
    <system-out><![CDATA[  Then the user should verify the "Successfully" popup message in the School Admin Dashboard. # com.stepdefinition.TC3_SchoolOnboardStep.theUserShouldVerifyThePopupMessageInTheSchoolAdminDashboard(java.lang.String)

@FeeManage
Scenario: Manage School Fees, Add-On Fees, Fee Discounts       # src/test/resources/Features/TC4_FeeManagement.feature:7
]]></system-out>
  </testcase>
  <testcase name="the user creates new School Fees" classname="Manage School Fees, Add-On Fees, Fee Discounts" time="2.857">
    <system-out><![CDATA[  Given the user is logged into the School Admin Dashboard     # com.stepdefinition.TC3_TimetableConfigurationStep.theUserIsLoggedIntoTheSchoolAdminDashboard()
Exam Fees
10000
Class 1th
4
25
Nov
2028
Exam Fees
10000
]]></system-out>
  </testcase>
  <testcase name="the user should see the created School Fees" classname="Manage School Fees, Add-On Fees, Fee Discounts" time="0.552">
    <system-out><![CDATA[  When the user creates new School Fees                        # com.stepdefinition.TC4_FeeManagementStep.theUserCreatesNewSchoolFees()
&amp#27;[38;5;118;1mMandatory fee created successfully&amp#27;[0m
]]></system-out>
  </testcase>
  <testcase name="the user publish the School fees" classname="Manage School Fees, Add-On Fees, Fee Discounts" time="1.017">
    <system-out><![CDATA[  Then the user should see the created School Fees             # com.stepdefinition.TC4_FeeManagementStep.theUserShouldSeeTheCreatedSchoolFees()
1
]]></system-out>
  </testcase>
  <testcase name="the user creates new Add-On Fees" classname="Manage School Fees, Add-On Fees, Fee Discounts" time="6.368">
    <system-out><![CDATA[  And the user publish the School fees                         # com.stepdefinition.TC4_FeeManagementStep.theUserPublishTheSchoolFees()
Yoga Fees
1000
25
Nov
2028
Handling Exception - Attempt 1
]]></system-out>
  </testcase>
  <testcase name="the user should see the created Add-On Fees" classname="Manage School Fees, Add-On Fees, Fee Discounts" time="0.997">
    <system-out><![CDATA[  When the user creates new Add-On Fees                        # com.stepdefinition.TC4_FeeManagementStep.theUserCreatesNewAddOnFees()
&amp#27;[38;5;118;1mAddon fee created successfully&amp#27;[0m
]]></system-out>
  </testcase>
  <testcase name="the user creates new Fee Discount" classname="Manage School Fees, Add-On Fees, Fee Discounts" time="3.99">
    <system-out><![CDATA[  Then the user should see the created Add-On Fees             # com.stepdefinition.TC4_FeeManagementStep.theUserShouldSeeTheCreatedAddOnFees()
Special Discount
10
2500
25
Nov
2028
]]></system-out>
  </testcase>
  <testcase name="the user should see the created Fee Discount" classname="Manage School Fees, Add-On Fees, Fee Discounts" time="1.038">
    <system-out><![CDATA[  When the user creates new Fee Discount                       # com.stepdefinition.TC4_FeeManagementStep.theUserCreatesNewFeeDiscount()
&amp#27;[38;5;118;1mDiscount added successfully&amp#27;[0m
]]></system-out>
  </testcase>
  <testcase name="the user updates the School Fees" classname="Manage School Fees, Add-On Fees, Fee Discounts" time="1.828">
    <system-out><![CDATA[  Then the user should see the created Fee Discount            # com.stepdefinition.TC4_FeeManagementStep.theUserShouldSeeTheCreatedFeeDiscount()
10
Exam Fees 1
10001
15
Jan
2028
Exam Fees 1
10001
]]></system-out>
  </testcase>
  <testcase name="the user should see the updated School Fees" classname="Manage School Fees, Add-On Fees, Fee Discounts" time="1.722">
    <system-out><![CDATA[  When the user updates the School Fees                        # com.stepdefinition.TC4_FeeManagementStep.theUserUpdatesTheSchoolFees()
&amp#27;[38;5;118;1mFee Updated Successfully&amp#27;[0m
]]></system-out>
  </testcase>
  <testcase name="the user updates the Add-On Fees" classname="Manage School Fees, Add-On Fees, Fee Discounts" time="0.002">
    <system-out><![CDATA[  Then the user should see the updated School Fees             # com.stepdefinition.TC4_FeeManagementStep.theUserShouldSeeTheUpdatedSchoolFees()
]]></system-out>
  </testcase>
  <testcase name="the user should see the updated Add-On Fees" classname="Manage School Fees, Add-On Fees, Fee Discounts" time="0.002">
    <system-out><![CDATA[  When the user updates the Add-On Fees                        # com.stepdefinition.TC4_FeeManagementStep.theUserUpdatesTheAddOnFees()
]]></system-out>
  </testcase>
  <testcase name="the user updates the Fee Discount" classname="Manage School Fees, Add-On Fees, Fee Discounts" time="0.001">
    <system-out><![CDATA[  Then the user should see the updated Add-On Fees             # com.stepdefinition.TC4_FeeManagementStep.theUserShouldSeeTheUpdatedAddOnFees()
]]></system-out>
  </testcase>
  <testcase name="the user should see the updated Fee Discount" classname="Manage School Fees, Add-On Fees, Fee Discounts" time="0.001">
    <system-out><![CDATA[  When the user updates the Fee Discount                       # com.stepdefinition.TC4_FeeManagementStep.theUserUpdatesTheFeeDiscount()
]]></system-out>
  </testcase>
  <testcase name="the user deletes the Fee Discount" classname="Manage School Fees, Add-On Fees, Fee Discounts" time="2.556">
    <system-out><![CDATA[  Then the user should see the updated Fee Discount            # com.stepdefinition.TC4_FeeManagementStep.theUserShouldSeeTheUpdatedFeeDiscount()
]]></system-out>
  </testcase>
  <testcase name="the user should verify that the Fee Discount is deleted" classname="Manage School Fees, Add-On Fees, Fee Discounts" time="1.245">
    <system-out><![CDATA[  When the user deletes the Fee Discount                       # com.stepdefinition.TC4_FeeManagementStep.theUserDeletesTheFeeDiscount()
&amp#27;[38;5;118;1mFee discount deleted successfully&amp#27;[0m
]]></system-out>
  </testcase>
  <testcase name="the user deletes the Add-On Fees" classname="Manage School Fees, Add-On Fees, Fee Discounts" time="1.776">
    <system-out><![CDATA[  Then the user should verify that the Fee Discount is deleted # com.stepdefinition.TC4_FeeManagementStep.theUserShouldVerifyThatTheFeeDiscountIsDeleted()
]]></system-out>
  </testcase>
  <testcase name="the user should verify that the Add-On Fee is deleted" classname="Manage School Fees, Add-On Fees, Fee Discounts" time="1.298">
    <system-out><![CDATA[  When the user deletes the Add-On Fees                        # com.stepdefinition.TC4_FeeManagementStep.theUserDeletesTheAddOnFees()
&amp#27;[38;5;118;1mAdd on fee deleted successfully&amp#27;[0m
]]></system-out>
  </testcase>
  <testcase name="the user deletes the School Fees" classname="Manage School Fees, Add-On Fees, Fee Discounts" time="1.275">
    <system-out><![CDATA[  Then the user should verify that the Add-On Fee is deleted   # com.stepdefinition.TC4_FeeManagementStep.theUserShouldVerifyThatTheAddOnFeeIsDeleted()
]]></system-out>
  </testcase>
  <testcase name="the user should verify that the School Fees are deleted" classname="Manage School Fees, Add-On Fees, Fee Discounts" time="0.544">
    <system-out><![CDATA[  When the user deletes the School Fees                        # com.stepdefinition.TC4_FeeManagementStep.theUserDeletesTheSchoolFees()
&amp#27;[38;5;118;1mFee deleted successfully&amp#27;[0m
]]></system-out>
  </testcase>
</testsuite>